# JRE version: Java(TM) SE Runtime Environment (8.0_112-b15) (build 1.8.0_112-b15)
# Java VM: Java HotSpot(TM) 64-Bit Server VM (25.112-b15 mixed mode linux-amd64 compressed oops)
Heap:
 PSYoungGen      total 209920K, used 98731K [0x00000000eab00000, 0x0000000100000000, 0x0000000100000000)
  eden space 179200K, 55% used [0x00000000eab00000,0x00000000f0b6ae88,0x00000000f5a00000)
  from space 30720K, 0% used [0x00000000f5a00000,0x00000000f5a00000,0x00000000f7800000)
  to   space 36864K, 0% used [0x00000000fdc00000,0x00000000fdc00000,0x0000000100000000)
 ParOldGen       total 172544K, used 41769K [0x00000000c0000000, 0x00000000ca880000, 0x00000000eab00000)
  object space 172544K, 24% used [0x00000000c0000000,0x00000000c28ca590,0x00000000ca880000)
 Metaspace       used 39646K, capacity 39920K, committed 40152K, reserved 1085440K
  class space    used 4521K, capacity 4606K, committed 4608K, reserved 1048576K
GC Heap History (10 events):
Event: 1.868 GC heap before
{Heap before GC invocations=5 (full 1):
 PSYoungGen      total 74752K, used 64512K [0x00000000eab00000, 0x00000000f3d00000, 0x0000000100000000)
  eden space 64512K, 100% used [0x00000000eab00000,0x00000000eea00000,0x00000000eea00000)
  from space 10240K, 0% used [0x00000000eea00000,0x00000000eea00000,0x00000000ef400000)
  to   space 10240K, 0% used [0x00000000f3300000,0x00000000f3300000,0x00000000f3d00000)
 ParOldGen       total 102400K, used 7117K [0x00000000c0000000, 0x00000000c6400000, 0x00000000eab00000)
  object space 102400K, 6% used [0x00000000c0000000,0x00000000c06f34f0,0x00000000c6400000)
 Metaspace       used 22521K, capacity 22794K, committed 23040K, reserved 1069056K
  class space    used 2668K, capacity 2743K, committed 2816K, reserved 1048576K
Event: 1.871 GC heap after
Heap after GC invocations=5 (full 1):
 PSYoungGen      total 111616K, used 2118K [0x00000000eab00000, 0x00000000f3580000, 0x0000000100000000)
  eden space 109056K, 0% used [0x00000000eab00000,0x00000000eab00000,0x00000000f1580000)
  from space 2560K, 82% used [0x00000000f3300000,0x00000000f3511a68,0x00000000f3580000)
  to   space 10240K, 0% used [0x00000000f2180000,0x00000000f2180000,0x00000000f2b80000)
 ParOldGen       total 102400K, used 7125K [0x00000000c0000000, 0x00000000c6400000, 0x00000000eab00000)
  object space 102400K, 6% used [0x00000000c0000000,0x00000000c06f54f0,0x00000000c6400000)
 Metaspace       used 22521K, capacity 22794K, committed 23040K, reserved 1069056K
  class space    used 2668K, capacity 2743K, committed 2816K, reserved 1048576K
}
Event: 2.420 GC heap before
{Heap before GC invocations=6 (full 1):
 PSYoungGen      total 111616K, used 111174K [0x00000000eab00000, 0x00000000f3580000, 0x0000000100000000)
  eden space 109056K, 100% used [0x00000000eab00000,0x00000000f1580000,0x00000000f1580000)
  from space 2560K, 82% used [0x00000000f3300000,0x00000000f3511a68,0x00000000f3580000)
  to   space 10240K, 0% used [0x00000000f2180000,0x00000000f2180000,0x00000000f2b80000)
 ParOldGen       total 102400K, used 7125K [0x00000000c0000000, 0x00000000c6400000, 0x00000000eab00000)
  object space 102400K, 6% used [0x00000000c0000000,0x00000000c06f54f0,0x00000000c6400000)
 Metaspace       used 27009K, capacity 27254K, committed 27648K, reserved 1073152K
  class space    used 3223K, capacity 3289K, committed 3328K, reserved 1048576K
Event: 2.429 GC heap after
Heap after GC invocations=6 (full 1):
 PSYoungGen      total 131584K, used 10228K [0x00000000eab00000, 0x00000000f9400000, 0x0000000100000000)
  eden space 121344K, 0% used [0x00000000eab00000,0x00000000eab00000,0x00000000f2180000)
  from space 10240K, 99% used [0x00000000f2180000,0x00000000f2b7d070,0x00000000f2b80000)
  to   space 28672K, 0% used [0x00000000f7800000,0x00000000f7800000,0x00000000f9400000)
 ParOldGen       total 102400K, used 18071K [0x00000000c0000000, 0x00000000c6400000, 0x00000000eab00000)
  object space 102400K, 17% used [0x00000000c0000000,0x00000000c11a5c98,0x00000000c6400000)
 Metaspace       used 27009K, capacity 27254K, committed 27648K, reserved 1073152K
  class space    used 3223K, capacity 3289K, committed 3328K, reserved 1048576K
}
Event: 2.814 GC heap before
{Heap before GC invocations=7 (full 1):
 PSYoungGen      total 131584K, used 131572K [0x00000000eab00000, 0x00000000f9400000, 0x0000000100000000)
  eden space 121344K, 100% used [0x00000000eab00000,0x00000000f2180000,0x00000000f2180000)
  from space 10240K, 99% used [0x00000000f2180000,0x00000000f2b7d070,0x00000000f2b80000)
  to   space 28672K, 0% used [0x00000000f7800000,0x00000000f7800000,0x00000000f9400000)
 ParOldGen       total 102400K, used 18071K [0x00000000c0000000, 0x00000000c6400000, 0x00000000eab00000)
  object space 102400K, 17% used [0x00000000c0000000,0x00000000c11a5c98,0x00000000c6400000)
 Metaspace       used 31212K, capacity 31422K, committed 31744K, reserved 1077248K
  class space    used 3677K, capacity 3739K, committed 3840K, reserved 1048576K
Event: 2.825 GC heap after
Heap after GC invocations=7 (full 1):
 PSYoungGen      total 207872K, used 21149K [0x00000000eab00000, 0x00000000fac00000, 0x0000000100000000)
  eden space 179200K, 0% used [0x00000000eab00000,0x00000000eab00000,0x00000000f5a00000)
  from space 28672K, 73% used [0x00000000f7800000,0x00000000f8ca77f0,0x00000000f9400000)
  to   space 30720K, 0% used [0x00000000f5a00000,0x00000000f5a00000,0x00000000f7800000)
 ParOldGen       total 102400K, used 18079K [0x00000000c0000000, 0x00000000c6400000, 0x00000000eab00000)
  object space 102400K, 17% used [0x00000000c0000000,0x00000000c11a7c98,0x00000000c6400000)
 Metaspace       used 31212K, capacity 31422K, committed 31744K, reserved 1077248K
  class space    used 3677K, capacity 3739K, committed 3840K, reserved 1048576K
}
Event: 3.288 GC heap before
{Heap before GC invocations=8 (full 1):
 PSYoungGen      total 207872K, used 192472K [0x00000000eab00000, 0x00000000fac00000, 0x0000000100000000)
  eden space 179200K, 95% used [0x00000000eab00000,0x00000000f524eab0,0x00000000f5a00000)
  from space 28672K, 73% used [0x00000000f7800000,0x00000000f8ca77f0,0x00000000f9400000)
  to   space 30720K, 0% used [0x00000000f5a00000,0x00000000f5a00000,0x00000000f7800000)
 ParOldGen       total 102400K, used 18079K [0x00000000c0000000, 0x00000000c6400000, 0x00000000eab00000)
  object space 102400K, 17% used [0x00000000c0000000,0x00000000c11a7c98,0x00000000c6400000)
 Metaspace       used 34932K, capacity 35172K, committed 35416K, reserved 1081344K
  class space    used 4070K, capacity 4156K, committed 4224K, reserved 1048576K
Event: 3.303 GC heap after
Heap after GC invocations=8 (full 1):
 PSYoungGen      total 209920K, used 30699K [0x00000000eab00000, 0x0000000100000000, 0x0000000100000000)
  eden space 179200K, 0% used [0x00000000eab00000,0x00000000eab00000,0x00000000f5a00000)
  from space 30720K, 99% used [0x00000000f5a00000,0x00000000f77fafd0,0x00000000f7800000)
  to   space 36864K, 0% used [0x00000000fdc00000,0x00000000fdc00000,0x0000000100000000)
 ParOldGen       total 102400K, used 18395K [0x00000000c0000000, 0x00000000c6400000, 0x00000000eab00000)
  object space 102400K, 17% used [0x00000000c0000000,0x00000000c11f6e50,0x00000000c6400000)
 Metaspace       used 34932K, capacity 35172K, committed 35416K, reserved 1081344K
  class space    used 4070K, capacity 4156K, committed 4224K, reserved 1048576K
}
Event: 3.303 GC heap before
{Heap before GC invocations=9 (full 2):
 PSYoungGen      total 209920K, used 30699K [0x00000000eab00000, 0x0000000100000000, 0x0000000100000000)
  eden space 179200K, 0% used [0x00000000eab00000,0x00000000eab00000,0x00000000f5a00000)
  from space 30720K, 99% used [0x00000000f5a00000,0x00000000f77fafd0,0x00000000f7800000)
  to   space 36864K, 0% used [0x00000000fdc00000,0x00000000fdc00000,0x0000000100000000)
 ParOldGen       total 102400K, used 18395K [0x00000000c0000000, 0x00000000c6400000, 0x00000000eab00000)
  object space 102400K, 17% used [0x00000000c0000000,0x00000000c11f6e50,0x00000000c6400000)
 Metaspace       used 34932K, capacity 35172K, committed 35416K, reserved 1081344K
  class space    used 4070K, capacity 4156K, committed 4224K, reserved 1048576K
Event: 3.344 GC heap after
Heap after GC invocations=9 (full 2):
 PSYoungGen      total 209920K, used 0K [0x00000000eab00000, 0x0000000100000000, 0x0000000100000000)
  eden space 179200K, 0% used [0x00000000eab00000,0x00000000eab00000,0x00000000f5a00000)
  from space 30720K, 0% used [0x00000000f5a00000,0x00000000f5a00000,0x00000000f7800000)
  to   space 36864K, 0% used [0x00000000fdc00000,0x00000000fdc00000,0x0000000100000000)
 ParOldGen       total 172544K, used 41769K [0x00000000c0000000, 0x00000000ca880000, 0x00000000eab00000)
  object space 172544K, 24% used [0x00000000c0000000,0x00000000c28ca590,0x00000000ca880000)
 Metaspace       used 34932K, capacity 35172K, committed 35416K, reserved 1081344K
  class space    used 4070K, capacity 4156K, committed 4224K, reserved 1048576K
}

