# JRE version: Java(TM) SE Runtime Environment (8.0_112-b15) (build 1.8.0_112-b15)
# Java VM: Java HotSpot(TM) 64-Bit Server VM (25.112-b15 mixed mode linux-amd64 compressed oops)
Heap:
 PSYoungGen      total 316416K, used 112097K [0x00000000eab00000, 0x0000000100000000, 0x0000000100000000)
  eden space 287744K, 38% used [0x00000000eab00000,0x00000000f1878788,0x00000000fc400000)
  from space 28672K, 0% used [0x00000000fe400000,0x00000000fe400000,0x0000000100000000)
  to   space 30720K, 0% used [0x00000000fc400000,0x00000000fc400000,0x00000000fe200000)
 ParOldGen       total 195072K, used 45769K [0x00000000c0000000, 0x00000000cbe80000, 0x00000000eab00000)
  object space 195072K, 23% used [0x00000000c0000000,0x00000000c2cb24d8,0x00000000cbe80000)
 Metaspace       used 39669K, capacity 39926K, committed 40152K, reserved 1085440K
  class space    used 4521K, capacity 4607K, committed 4608K, reserved 1048576K
GC Heap History (10 events):
Event: 1.553 GC heap before
{Heap before GC invocations=4 (full 1):
 PSYoungGen      total 139264K, used 10224K [0x00000000eab00000, 0x00000000fbb00000, 0x0000000100000000)
  eden space 129024K, 0% used [0x00000000eab00000,0x00000000eab00000,0x00000000f2900000)
  from space 10240K, 99% used [0x00000000f2900000,0x00000000f32fc040,0x00000000f3300000)
  to   space 10240K, 0% used [0x00000000fb100000,0x00000000fb100000,0x00000000fbb00000)
 ParOldGen       total 171008K, used 14721K [0x00000000c0000000, 0x00000000ca700000, 0x00000000eab00000)
  object space 171008K, 8% used [0x00000000c0000000,0x00000000c0e60550,0x00000000ca700000)
 Metaspace       used 20866K, capacity 21098K, committed 21248K, reserved 1069056K
  class space    used 2446K, capacity 2519K, committed 2560K, reserved 1048576K
Event: 1.588 GC heap after
Heap after GC invocations=4 (full 1):
 PSYoungGen      total 139264K, used 0K [0x00000000eab00000, 0x00000000fbb00000, 0x0000000100000000)
  eden space 129024K, 0% used [0x00000000eab00000,0x00000000eab00000,0x00000000f2900000)
  from space 10240K, 0% used [0x00000000f2900000,0x00000000f2900000,0x00000000f3300000)
  to   space 10240K, 0% used [0x00000000fb100000,0x00000000fb100000,0x00000000fbb00000)
 ParOldGen       total 116224K, used 11036K [0x00000000c0000000, 0x00000000c7180000, 0x00000000eab00000)
  object space 116224K, 9% used [0x00000000c0000000,0x00000000c0ac7378,0x00000000c7180000)
 Metaspace       used 20866K, capacity 21098K, committed 21248K, reserved 1069056K
  class space    used 2446K, capacity 2519K, committed 2560K, reserved 1048576K
}
Event: 2.202 GC heap before
{Heap before GC invocations=5 (full 1):
 PSYoungGen      total 139264K, used 129024K [0x00000000eab00000, 0x00000000fbb00000, 0x0000000100000000)
  eden space 129024K, 100% used [0x00000000eab00000,0x00000000f2900000,0x00000000f2900000)
  from space 10240K, 0% used [0x00000000f2900000,0x00000000f2900000,0x00000000f3300000)
  to   space 10240K, 0% used [0x00000000fb100000,0x00000000fb100000,0x00000000fbb00000)
 ParOldGen       total 116224K, used 11036K [0x00000000c0000000, 0x00000000c7180000, 0x00000000eab00000)
  object space 116224K, 9% used [0x00000000c0000000,0x00000000c0ac7378,0x00000000c7180000)
 Metaspace       used 26213K, capacity 26448K, committed 26752K, reserved 1073152K
  class space    used 3142K, capacity 3192K, committed 3200K, reserved 1048576K
Event: 2.213 GC heap after
Heap after GC invocations=5 (full 1):
 PSYoungGen      total 209920K, used 10221K [0x00000000eab00000, 0x00000000fbb00000, 0x0000000100000000)
  eden space 199680K, 0% used [0x00000000eab00000,0x00000000eab00000,0x00000000f6e00000)
  from space 10240K, 99% used [0x00000000fb100000,0x00000000fbafb548,0x00000000fbb00000)
  to   space 10240K, 0% used [0x00000000fa700000,0x00000000fa700000,0x00000000fb100000)
 ParOldGen       total 116224K, used 22545K [0x00000000c0000000, 0x00000000c7180000, 0x00000000eab00000)
  object space 116224K, 19% used [0x00000000c0000000,0x00000000c16046f0,0x00000000c7180000)
 Metaspace       used 26213K, capacity 26448K, committed 26752K, reserved 1073152K
  class space    used 3142K, capacity 3192K, committed 3200K, reserved 1048576K
}
Event: 2.735 GC heap before
{Heap before GC invocations=6 (full 1):
 PSYoungGen      total 209920K, used 209901K [0x00000000eab00000, 0x00000000fbb00000, 0x0000000100000000)
  eden space 199680K, 100% used [0x00000000eab00000,0x00000000f6e00000,0x00000000f6e00000)
  from space 10240K, 99% used [0x00000000fb100000,0x00000000fbafb548,0x00000000fbb00000)
  to   space 10240K, 0% used [0x00000000fa700000,0x00000000fa700000,0x00000000fb100000)
 ParOldGen       total 116224K, used 22545K [0x00000000c0000000, 0x00000000c7180000, 0x00000000eab00000)
  object space 116224K, 19% used [0x00000000c0000000,0x00000000c16046f0,0x00000000c7180000)
 Metaspace       used 31204K, capacity 31422K, committed 31744K, reserved 1077248K
  class space    used 3677K, capacity 3739K, committed 3840K, reserved 1048576K
Event: 2.753 GC heap after
Heap after GC invocations=6 (full 1):
 PSYoungGen      total 268288K, used 10208K [0x00000000eab00000, 0x0000000100000000, 0x0000000100000000)
  eden space 258048K, 0% used [0x00000000eab00000,0x00000000eab00000,0x00000000fa700000)
  from space 10240K, 99% used [0x00000000fa700000,0x00000000fb0f80e0,0x00000000fb100000)
  to   space 28672K, 0% used [0x00000000fe400000,0x00000000fe400000,0x0000000100000000)
 ParOldGen       total 116224K, used 33836K [0x00000000c0000000, 0x00000000c7180000, 0x00000000eab00000)
  object space 116224K, 29% used [0x00000000c0000000,0x00000000c210b2f0,0x00000000c7180000)
 Metaspace       used 31204K, capacity 31422K, committed 31744K, reserved 1077248K
  class space    used 3677K, capacity 3739K, committed 3840K, reserved 1048576K
}
Event: 3.186 GC heap before
{Heap before GC invocations=7 (full 1):
 PSYoungGen      total 268288K, used 176505K [0x00000000eab00000, 0x0000000100000000, 0x0000000100000000)
  eden space 258048K, 64% used [0x00000000eab00000,0x00000000f4d66670,0x00000000fa700000)
  from space 10240K, 99% used [0x00000000fa700000,0x00000000fb0f80e0,0x00000000fb100000)
  to   space 28672K, 0% used [0x00000000fe400000,0x00000000fe400000,0x0000000100000000)
 ParOldGen       total 116224K, used 33836K [0x00000000c0000000, 0x00000000c7180000, 0x00000000eab00000)
  object space 116224K, 29% used [0x00000000c0000000,0x00000000c210b2f0,0x00000000c7180000)
 Metaspace       used 34936K, capacity 35172K, committed 35416K, reserved 1081344K
  class space    used 4069K, capacity 4156K, committed 4224K, reserved 1048576K
Event: 3.204 GC heap after
Heap after GC invocations=7 (full 1):
 PSYoungGen      total 316416K, used 23856K [0x00000000eab00000, 0x0000000100000000, 0x0000000100000000)
  eden space 287744K, 0% used [0x00000000eab00000,0x00000000eab00000,0x00000000fc400000)
  from space 28672K, 83% used [0x00000000fe400000,0x00000000ffb4c2c8,0x0000000100000000)
  to   space 30720K, 0% used [0x00000000fc400000,0x00000000fc400000,0x00000000fe200000)
 ParOldGen       total 116224K, used 33836K [0x00000000c0000000, 0x00000000c7180000, 0x00000000eab00000)
  object space 116224K, 29% used [0x00000000c0000000,0x00000000c210b2f0,0x00000000c7180000)
 Metaspace       used 34936K, capacity 35172K, committed 35416K, reserved 1081344K
  class space    used 4069K, capacity 4156K, committed 4224K, reserved 1048576K
}
Event: 3.204 GC heap before
{Heap before GC invocations=8 (full 2):
 PSYoungGen      total 316416K, used 23856K [0x00000000eab00000, 0x0000000100000000, 0x0000000100000000)
  eden space 287744K, 0% used [0x00000000eab00000,0x00000000eab00000,0x00000000fc400000)
  from space 28672K, 83% used [0x00000000fe400000,0x00000000ffb4c2c8,0x0000000100000000)
  to   space 30720K, 0% used [0x00000000fc400000,0x00000000fc400000,0x00000000fe200000)
 ParOldGen       total 116224K, used 33836K [0x00000000c0000000, 0x00000000c7180000, 0x00000000eab00000)
  object space 116224K, 29% used [0x00000000c0000000,0x00000000c210b2f0,0x00000000c7180000)
 Metaspace       used 34936K, capacity 35172K, committed 35416K, reserved 1081344K
  class space    used 4069K, capacity 4156K, committed 4224K, reserved 1048576K
Event: 3.246 GC heap after
Heap after GC invocations=8 (full 2):
 PSYoungGen      total 316416K, used 0K [0x00000000eab00000, 0x0000000100000000, 0x0000000100000000)
  eden space 287744K, 0% used [0x00000000eab00000,0x00000000eab00000,0x00000000fc400000)
  from space 28672K, 0% used [0x00000000fe400000,0x00000000fe400000,0x0000000100000000)
  to   space 30720K, 0% used [0x00000000fc400000,0x00000000fc400000,0x00000000fe200000)
 ParOldGen       total 195072K, used 45769K [0x00000000c0000000, 0x00000000cbe80000, 0x00000000eab00000)
  object space 195072K, 23% used [0x00000000c0000000,0x00000000c2cb24d8,0x00000000cbe80000)
 Metaspace       used 34936K, capacity 35172K, committed 35416K, reserved 1081344K
  class space    used 4069K, capacity 4156K, committed 4224K, reserved 1048576K
}

